{"level":"info","message":"listening on port 3000..."}
{"level":"info","message":"Connected to MongoDB"}
{"level":"info","message":"listening on port 3000..."}
{"level":"info","message":"Connected to MongoDB"}
{"level":"info","message":"listening on port 3000..."}
{"level":"info","message":"Connected to MongoDB"}
{"level":"info","message":"listening on port 3000..."}
{"level":"info","message":"Connected to MongoDB"}
{"level":"info","message":"Connected to MongoDB"}
{"level":"info","message":"Connected to MongoDB"}
{"level":"info","message":"Connected to MongoDB"}
{"level":"info","message":"listening on port 3000..."}
{"level":"info","message":"Connected to MongoDB"}
{"level":"info","message":"listening on port 3000..."}
{"level":"info","message":"Connected to mongodb://localhost/courses"}
{"level":"info","message":"Connected to mongodb://localhost/courses_tests"}
{"level":"info","message":"Connected to mongodb://localhost/courses_tests"}
{"level":"info","message":"listening on port 3000..."}
{"level":"info","message":"Connected to mongodb://localhost/courses_tests"}
{"level":"info","message":"listening on port 3000..."}
{"level":"info","message":"Connected to mongodb://localhost/courses_tests"}
{"level":"info","message":"listening on port 3000..."}
{"level":"info","message":"Connected to mongodb://localhost/courses_tests"}
{"level":"info","message":"listening on port 3000..."}
{"level":"info","message":"Connected to mongodb://localhost/courses_tests"}
{"level":"info","message":"listening on port 3000..."}
{"level":"info","message":"Connected to mongodb://localhost/courses_tests"}
{"level":"info","message":"listening on port 3000..."}
{"level":"info","message":"Connected to mongodb://localhost/courses_tests"}
{"level":"info","message":"listening on port 3000..."}
{"level":"info","message":"Connected to mongodb://localhost/courses_tests"}
{"level":"info","message":"listening on port 3000..."}
{"level":"info","message":"Connected to mongodb://localhost/courses_tests"}
{"level":"info","message":"listening on port 3000..."}
{"level":"info","message":"Connected to mongodb://localhost/courses_tests"}
{"level":"info","message":"listening on port 3000..."}
{"level":"info","message":"Connected to mongodb://localhost/courses_tests"}
{"level":"info","message":"listening on port 3000..."}
{"level":"info","message":"Connected to mongodb://localhost/courses_tests"}
{"level":"info","message":"listening on port 3000..."}
{"level":"info","message":"Connected to mongodb://localhost/courses_tests"}
{"level":"info","message":"listening on port 3000..."}
{"level":"info","message":"Connected to mongodb://localhost/courses_tests"}
{"level":"info","message":"listening on port 3000..."}
{"level":"info","message":"Connected to mongodb://localhost/courses_tests"}
{"level":"info","message":"listening on port 3000..."}
{"level":"info","message":"Connected to mongodb://localhost/courses_tests"}
{"level":"info","message":"listening on port 3000..."}
{"level":"info","message":"Connected to mongodb://localhost/courses_tests"}
{"level":"info","message":"listening on port 3000..."}
{"level":"info","message":"Connected to mongodb://localhost/courses_tests"}
{"level":"info","message":"listening on port 3000..."}
{"level":"info","message":"Connected to mongodb://localhost/courses_tests"}
{"level":"info","message":"listening on port 3000..."}
{"level":"info","message":"Connected to mongodb://localhost/courses_tests"}
{"level":"info","message":"listening on port 3000..."}
{"level":"info","message":"Connected to mongodb://localhost/courses_tests"}
{"level":"info","message":"listening on port 3000..."}
{"level":"info","message":"Connected to mongodb://localhost/courses_tests"}
{"level":"info","message":"listening on port 3000..."}
{"level":"info","message":"Connected to mongodb://localhost/courses_tests"}
{"level":"info","message":"listening on port 3000..."}
{"level":"info","message":"Connected to mongodb://localhost/courses_tests"}
{"level":"info","message":"listening on port 3000..."}
{"level":"info","message":"Connected to mongodb://localhost/courses_tests"}
{"level":"info","message":"listening on port 3000..."}
{"level":"info","message":"Connected to mongodb://localhost/courses_tests"}
{"level":"info","message":"listening on port 3000..."}
{"level":"info","message":"Connected to mongodb://localhost/courses_tests"}
{"level":"info","message":"listening on port 3000..."}
{"level":"info","message":"Connected to mongodb://localhost/courses_tests"}
{"level":"info","message":"listening on port 3000..."}
{"level":"info","message":"Connected to mongodb://localhost/courses_tests"}
{"level":"info","message":"listening on port 3000..."}
{"level":"info","message":"Connected to mongodb://localhost/courses_tests"}
{"level":"info","message":"listening on port 3000..."}
{"level":"info","message":"Connected to mongodb://localhost/courses_tests"}
{"level":"info","message":"listening on port 3000..."}
{"level":"info","message":"Connected to mongodb://localhost/courses_tests"}
{"level":"info","message":"listening on port 3000..."}
{"level":"info","message":"Connected to mongodb://localhost/courses_tests"}
{"level":"info","message":"listening on port 3000..."}
{"level":"info","message":"Connected to mongodb://localhost/courses_tests"}
{"level":"info","message":"listening on port 3000..."}
{"level":"info","message":"Connected to mongodb://localhost/courses_tests"}
{"level":"info","message":"listening on port 3000..."}
{"level":"info","message":"Connected to mongodb://localhost/courses_tests"}
{"level":"info","message":"listening on port 3000..."}
{"level":"info","message":"Connected to mongodb://localhost/courses_tests"}
{"level":"info","message":"listening on port 3000..."}
{"level":"info","message":"Connected to mongodb://localhost/courses_tests"}
{"level":"info","message":"listening on port 3000..."}
{"level":"info","message":"Connected to mongodb://localhost/courses_tests"}
{"kind":"ObjectId","level":"error","message":"err.message Cast to ObjectId failed for value \"1\" (type string) at path \"_id\" for model \"course\"","path":"_id","reason":{},"stack":"CastError: Cast to ObjectId failed for value \"1\" (type string) at path \"_id\" for model \"course\"\n    at model.Query.exec (D:\\OneDrive\\Projects\\mosh-nodejs-learning-note\\node_modules\\mongoose\\lib\\query.js:4715:21)\n    at model.Query.Object.<anonymous>.Query.then (D:\\OneDrive\\Projects\\mosh-nodejs-learning-note\\node_modules\\mongoose\\lib\\query.js:4814:15)\n    at processTicksAndRejections (node:internal/process/task_queues:96:5)","stringValue":"\"1\"","value":"1","valueType":"string"}
{"level":"info","message":"listening on port 3000..."}
{"level":"info","message":"Connected to mongodb://localhost/courses_tests"}
{"kind":"ObjectId","level":"error","message":"err.message Cast to ObjectId failed for value \"1\" (type string) at path \"_id\" for model \"course\"","path":"_id","reason":{},"stack":"CastError: Cast to ObjectId failed for value \"1\" (type string) at path \"_id\" for model \"course\"\n    at model.Query.exec (D:\\OneDrive\\Projects\\mosh-nodejs-learning-note\\node_modules\\mongoose\\lib\\query.js:4715:21)\n    at model.Query.Object.<anonymous>.Query.then (D:\\OneDrive\\Projects\\mosh-nodejs-learning-note\\node_modules\\mongoose\\lib\\query.js:4814:15)\n    at processTicksAndRejections (node:internal/process/task_queues:96:5)","stringValue":"\"1\"","value":"1","valueType":"string"}
{"level":"info","message":"listening on port 3000..."}
{"level":"info","message":"Connected to mongodb://localhost/courses_tests"}
{"kind":"ObjectId","level":"error","message":"err.message Cast to ObjectId failed for value \"1\" (type string) at path \"_id\" for model \"course\"","path":"_id","reason":{},"stack":"CastError: Cast to ObjectId failed for value \"1\" (type string) at path \"_id\" for model \"course\"\n    at model.Query.exec (D:\\OneDrive\\Projects\\mosh-nodejs-learning-note\\node_modules\\mongoose\\lib\\query.js:4715:21)\n    at model.Query.Object.<anonymous>.Query.then (D:\\OneDrive\\Projects\\mosh-nodejs-learning-note\\node_modules\\mongoose\\lib\\query.js:4814:15)\n    at processTicksAndRejections (node:internal/process/task_queues:96:5)","stringValue":"\"1\"","value":"1","valueType":"string"}
{"level":"info","message":"listening on port 3000..."}
{"level":"info","message":"Connected to mongodb://localhost/courses_tests"}
{"kind":"ObjectId","level":"error","message":"err.message Cast to ObjectId failed for value \"1\" (type string) at path \"_id\" for model \"course\"","path":"_id","reason":{},"stack":"CastError: Cast to ObjectId failed for value \"1\" (type string) at path \"_id\" for model \"course\"\n    at model.Query.exec (D:\\OneDrive\\Projects\\mosh-nodejs-learning-note\\node_modules\\mongoose\\lib\\query.js:4715:21)\n    at model.Query.Object.<anonymous>.Query.then (D:\\OneDrive\\Projects\\mosh-nodejs-learning-note\\node_modules\\mongoose\\lib\\query.js:4814:15)\n    at processTicksAndRejections (node:internal/process/task_queues:96:5)","stringValue":"\"1\"","value":"1","valueType":"string"}
{"level":"info","message":"listening on port 3000..."}
{"level":"info","message":"Connected to mongodb://localhost/courses_tests"}
{"level":"info","message":"listening on port 3000..."}
{"level":"info","message":"Connected to mongodb://localhost/courses_tests"}
{"level":"info","message":"listening on port 3000..."}
{"level":"info","message":"Connected to mongodb://localhost/courses_tests"}
{"level":"info","message":"listening on port 3000..."}
{"level":"info","message":"Connected to mongodb://localhost/courses_tests"}
{"level":"info","message":"listening on port 3000..."}
{"level":"info","message":"Connected to mongodb://localhost/courses_tests"}
{"level":"info","message":"listening on port 3000..."}
{"level":"info","message":"Connected to mongodb://localhost/courses_tests"}
{"kind":"ObjectId","level":"error","message":"err.message Cast to ObjectId failed for value \"1\" (type string) at path \"_id\" for model \"course\"","path":"_id","reason":{},"stack":"CastError: Cast to ObjectId failed for value \"1\" (type string) at path \"_id\" for model \"course\"\n    at model.Query.exec (D:\\OneDrive\\Projects\\mosh-nodejs-learning-note\\node_modules\\mongoose\\lib\\query.js:4715:21)\n    at model.Query.Object.<anonymous>.Query.then (D:\\OneDrive\\Projects\\mosh-nodejs-learning-note\\node_modules\\mongoose\\lib\\query.js:4814:15)\n    at processTicksAndRejections (node:internal/process/task_queues:96:5)","stringValue":"\"1\"","value":"1","valueType":"string"}
{"level":"info","message":"listening on port 3000..."}
{"level":"info","message":"Connected to mongodb://localhost/courses_tests"}
{"kind":"ObjectId","level":"error","message":"err.message Cast to ObjectId failed for value \"1\" (type string) at path \"_id\" for model \"course\"","path":"_id","reason":{},"stack":"CastError: Cast to ObjectId failed for value \"1\" (type string) at path \"_id\" for model \"course\"\n    at model.Query.exec (D:\\OneDrive\\Projects\\mosh-nodejs-learning-note\\node_modules\\mongoose\\lib\\query.js:4715:21)\n    at model.Query.Object.<anonymous>.Query.then (D:\\OneDrive\\Projects\\mosh-nodejs-learning-note\\node_modules\\mongoose\\lib\\query.js:4814:15)\n    at processTicksAndRejections (node:internal/process/task_queues:96:5)","stringValue":"\"1\"","value":"1","valueType":"string"}
{"level":"info","message":"listening on port 3000..."}
{"level":"info","message":"Connected to mongodb://localhost/courses_tests"}
{"kind":"ObjectId","level":"error","message":"err.message Cast to ObjectId failed for value \"1\" (type string) at path \"_id\" for model \"course\"","path":"_id","reason":{},"stack":"CastError: Cast to ObjectId failed for value \"1\" (type string) at path \"_id\" for model \"course\"\n    at model.Query.exec (D:\\OneDrive\\Projects\\mosh-nodejs-learning-note\\node_modules\\mongoose\\lib\\query.js:4715:21)\n    at model.Query.Object.<anonymous>.Query.then (D:\\OneDrive\\Projects\\mosh-nodejs-learning-note\\node_modules\\mongoose\\lib\\query.js:4814:15)\n    at processTicksAndRejections (node:internal/process/task_queues:96:5)","stringValue":"\"1\"","value":"1","valueType":"string"}
{"level":"info","message":"listening on port 3000..."}
{"level":"info","message":"Connected to mongodb://localhost/courses_tests"}
{"level":"info","message":"listening on port 3000..."}
{"level":"info","message":"Connected to mongodb://localhost/courses_tests"}
{"kind":"ObjectId","level":"error","message":"err.message Cast to ObjectId failed for value \"1\" (type string) at path \"_id\" for model \"course\"","path":"_id","reason":{},"stack":"CastError: Cast to ObjectId failed for value \"1\" (type string) at path \"_id\" for model \"course\"\n    at model.Query.exec (D:\\OneDrive\\Projects\\mosh-nodejs-learning-note\\node_modules\\mongoose\\lib\\query.js:4715:21)\n    at model.Query.Object.<anonymous>.Query.then (D:\\OneDrive\\Projects\\mosh-nodejs-learning-note\\node_modules\\mongoose\\lib\\query.js:4814:15)\n    at processTicksAndRejections (node:internal/process/task_queues:96:5)","stringValue":"\"1\"","value":"1","valueType":"string"}
{"level":"info","message":"listening on port 3000..."}
{"level":"info","message":"Connected to mongodb://localhost/courses_tests"}
{"level":"info","message":"listening on port 3000..."}
{"level":"info","message":"Connected to mongodb://localhost/courses_tests"}
{"level":"info","message":"listening on port 3000..."}
{"level":"info","message":"Connected to mongodb://localhost/courses_tests"}
{"level":"info","message":"listening on port 3000..."}
{"level":"info","message":"Connected to mongodb://localhost/courses_tests"}
{"level":"info","message":"listening on port 3000..."}
{"level":"info","message":"Connected to mongodb://localhost/courses_tests"}
{"level":"info","message":"listening on port 3000..."}
{"level":"info","message":"Connected to mongodb://localhost/courses_tests"}
{"level":"info","message":"listening on port 3000..."}
{"level":"info","message":"Connected to mongodb://localhost/courses_tests"}
{"level":"info","message":"listening on port 3000..."}
{"level":"info","message":"Connected to mongodb://localhost/courses_tests"}
{"level":"info","message":"listening on port 3000..."}
{"level":"info","message":"Connected to mongodb://localhost/courses_tests"}
{"level":"info","message":"listening on port 3000..."}
{"level":"info","message":"Connected to mongodb://localhost/courses_tests"}
{"level":"info","message":"listening on port 3000..."}
{"level":"info","message":"Connected to mongodb://localhost/courses_tests"}
{"level":"info","message":"listening on port 3000..."}
{"level":"info","message":"Connected to mongodb://localhost/courses_tests"}
{"level":"info","message":"listening on port 3000..."}
{"level":"info","message":"Connected to mongodb://localhost/courses_tests"}
{"level":"info","message":"listening on port 3000..."}
{"level":"info","message":"Connected to mongodb://localhost/courses_tests"}
{"level":"info","message":"listening on port 3000..."}
{"level":"info","message":"Connected to mongodb://localhost/courses_tests"}
{"level":"info","message":"listening on port 3000..."}
{"level":"info","message":"Connected to mongodb://localhost/courses_tests"}
{"level":"info","message":"listening on port 3000..."}
{"level":"info","message":"Connected to mongodb://localhost/courses_tests"}
{"level":"info","message":"listening on port 3000..."}
{"level":"info","message":"Connected to mongodb://localhost/courses_tests"}
{"level":"info","message":"listening on port 3000..."}
{"level":"info","message":"Connected to mongodb://localhost/courses_tests"}
